2021-06-21 15:05:02,516 0      [           main] DEBUG ache.ibatis.logging.LogFactory  - Logging initialized using 'class org.apache.ibatis.logging.log4j.Log4jImpl' adapter.
2021-06-21 15:05:02,818 302    [           main] DEBUG source.pooled.PooledDataSource  - PooledDataSource forcefully closed/removed all connections.
2021-06-21 15:05:02,819 303    [           main] DEBUG source.pooled.PooledDataSource  - PooledDataSource forcefully closed/removed all connections.
2021-06-21 15:05:02,819 303    [           main] DEBUG source.pooled.PooledDataSource  - PooledDataSource forcefully closed/removed all connections.
2021-06-21 15:05:02,819 303    [           main] DEBUG source.pooled.PooledDataSource  - PooledDataSource forcefully closed/removed all connections.
2021-06-21 15:05:02,955 439    [           main] DEBUG ansaction.jdbc.JdbcTransaction  - Opening JDBC Connection
2021-06-21 15:05:56,279 0      [           main] DEBUG ache.ibatis.logging.LogFactory  - Logging initialized using 'class org.apache.ibatis.logging.log4j.Log4jImpl' adapter.
2021-06-21 15:05:56,486 207    [           main] DEBUG source.pooled.PooledDataSource  - PooledDataSource forcefully closed/removed all connections.
2021-06-21 15:05:56,486 207    [           main] DEBUG source.pooled.PooledDataSource  - PooledDataSource forcefully closed/removed all connections.
2021-06-21 15:05:56,487 208    [           main] DEBUG source.pooled.PooledDataSource  - PooledDataSource forcefully closed/removed all connections.
2021-06-21 15:05:56,487 208    [           main] DEBUG source.pooled.PooledDataSource  - PooledDataSource forcefully closed/removed all connections.
2021-06-21 15:05:56,632 353    [           main] DEBUG ansaction.jdbc.JdbcTransaction  - Opening JDBC Connection
2021-06-21 15:07:29,616 0      [           main] DEBUG ache.ibatis.logging.LogFactory  - Logging initialized using 'class org.apache.ibatis.logging.log4j.Log4jImpl' adapter.
2021-06-21 15:07:29,829 213    [           main] DEBUG source.pooled.PooledDataSource  - PooledDataSource forcefully closed/removed all connections.
2021-06-21 15:07:29,829 213    [           main] DEBUG source.pooled.PooledDataSource  - PooledDataSource forcefully closed/removed all connections.
2021-06-21 15:07:29,830 214    [           main] DEBUG source.pooled.PooledDataSource  - PooledDataSource forcefully closed/removed all connections.
2021-06-21 15:07:29,830 214    [           main] DEBUG source.pooled.PooledDataSource  - PooledDataSource forcefully closed/removed all connections.
2021-06-21 15:07:29,971 355    [           main] DEBUG ansaction.jdbc.JdbcTransaction  - Opening JDBC Connection
2021-06-21 15:09:05,362 0      [           main] DEBUG ache.ibatis.logging.LogFactory  - Logging initialized using 'class org.apache.ibatis.logging.log4j.Log4jImpl' adapter.
2021-06-21 15:09:05,517 155    [           main] DEBUG source.pooled.PooledDataSource  - PooledDataSource forcefully closed/removed all connections.
2021-06-21 15:09:05,517 155    [           main] DEBUG source.pooled.PooledDataSource  - PooledDataSource forcefully closed/removed all connections.
2021-06-21 15:09:05,517 155    [           main] DEBUG source.pooled.PooledDataSource  - PooledDataSource forcefully closed/removed all connections.
2021-06-21 15:09:05,517 155    [           main] DEBUG source.pooled.PooledDataSource  - PooledDataSource forcefully closed/removed all connections.
2021-06-21 15:09:05,681 319    [           main] DEBUG ansaction.jdbc.JdbcTransaction  - Opening JDBC Connection
2021-06-21 15:10:04,186 0      [           main] DEBUG ache.ibatis.logging.LogFactory  - Logging initialized using 'class org.apache.ibatis.logging.log4j.Log4jImpl' adapter.
2021-06-21 15:10:04,378 192    [           main] DEBUG source.pooled.PooledDataSource  - PooledDataSource forcefully closed/removed all connections.
2021-06-21 15:10:04,379 193    [           main] DEBUG source.pooled.PooledDataSource  - PooledDataSource forcefully closed/removed all connections.
2021-06-21 15:10:04,379 193    [           main] DEBUG source.pooled.PooledDataSource  - PooledDataSource forcefully closed/removed all connections.
2021-06-21 15:10:04,380 194    [           main] DEBUG source.pooled.PooledDataSource  - PooledDataSource forcefully closed/removed all connections.
2021-06-21 15:10:04,496 310    [           main] DEBUG ansaction.jdbc.JdbcTransaction  - Opening JDBC Connection
2021-06-21 15:10:43,789 0      [           main] DEBUG ache.ibatis.logging.LogFactory  - Logging initialized using 'class org.apache.ibatis.logging.log4j.Log4jImpl' adapter.
2021-06-21 15:10:44,076 287    [           main] DEBUG source.pooled.PooledDataSource  - PooledDataSource forcefully closed/removed all connections.
2021-06-21 15:10:44,077 288    [           main] DEBUG source.pooled.PooledDataSource  - PooledDataSource forcefully closed/removed all connections.
2021-06-21 15:10:44,077 288    [           main] DEBUG source.pooled.PooledDataSource  - PooledDataSource forcefully closed/removed all connections.
2021-06-21 15:10:44,077 288    [           main] DEBUG source.pooled.PooledDataSource  - PooledDataSource forcefully closed/removed all connections.
2021-06-21 15:10:44,220 431    [           main] DEBUG ansaction.jdbc.JdbcTransaction  - Opening JDBC Connection
2021-06-21 15:11:00,385 0      [           main] DEBUG ache.ibatis.logging.LogFactory  - Logging initialized using 'class org.apache.ibatis.logging.log4j.Log4jImpl' adapter.
2021-06-21 15:11:00,645 260    [           main] DEBUG source.pooled.PooledDataSource  - PooledDataSource forcefully closed/removed all connections.
2021-06-21 15:11:00,645 260    [           main] DEBUG source.pooled.PooledDataSource  - PooledDataSource forcefully closed/removed all connections.
2021-06-21 15:11:00,645 260    [           main] DEBUG source.pooled.PooledDataSource  - PooledDataSource forcefully closed/removed all connections.
2021-06-21 15:11:00,645 260    [           main] DEBUG source.pooled.PooledDataSource  - PooledDataSource forcefully closed/removed all connections.
2021-06-21 15:11:00,826 441    [           main] DEBUG ansaction.jdbc.JdbcTransaction  - Opening JDBC Connection
2021-06-21 15:11:59,280 0      [           main] DEBUG ache.ibatis.logging.LogFactory  - Logging initialized using 'class org.apache.ibatis.logging.log4j.Log4jImpl' adapter.
2021-06-21 15:11:59,481 201    [           main] DEBUG source.pooled.PooledDataSource  - PooledDataSource forcefully closed/removed all connections.
2021-06-21 15:11:59,481 201    [           main] DEBUG source.pooled.PooledDataSource  - PooledDataSource forcefully closed/removed all connections.
2021-06-21 15:11:59,481 201    [           main] DEBUG source.pooled.PooledDataSource  - PooledDataSource forcefully closed/removed all connections.
2021-06-21 15:11:59,481 201    [           main] DEBUG source.pooled.PooledDataSource  - PooledDataSource forcefully closed/removed all connections.
2021-06-21 15:11:59,626 346    [           main] DEBUG ansaction.jdbc.JdbcTransaction  - Opening JDBC Connection
2021-06-21 15:12:12,913 0      [           main] DEBUG ache.ibatis.logging.LogFactory  - Logging initialized using 'class org.apache.ibatis.logging.log4j.Log4jImpl' adapter.
2021-06-21 15:12:13,132 219    [           main] DEBUG source.pooled.PooledDataSource  - PooledDataSource forcefully closed/removed all connections.
2021-06-21 15:12:13,133 220    [           main] DEBUG source.pooled.PooledDataSource  - PooledDataSource forcefully closed/removed all connections.
2021-06-21 15:12:13,133 220    [           main] DEBUG source.pooled.PooledDataSource  - PooledDataSource forcefully closed/removed all connections.
2021-06-21 15:12:13,133 220    [           main] DEBUG source.pooled.PooledDataSource  - PooledDataSource forcefully closed/removed all connections.
2021-06-21 15:12:13,254 341    [           main] DEBUG ansaction.jdbc.JdbcTransaction  - Opening JDBC Connection
2021-06-21 15:15:00,475 0      [           main] DEBUG ache.ibatis.logging.LogFactory  - Logging initialized using 'class org.apache.ibatis.logging.log4j.Log4jImpl' adapter.
2021-06-21 15:15:00,631 156    [           main] DEBUG source.pooled.PooledDataSource  - PooledDataSource forcefully closed/removed all connections.
2021-06-21 15:15:00,631 156    [           main] DEBUG source.pooled.PooledDataSource  - PooledDataSource forcefully closed/removed all connections.
2021-06-21 15:15:00,632 157    [           main] DEBUG source.pooled.PooledDataSource  - PooledDataSource forcefully closed/removed all connections.
2021-06-21 15:15:00,632 157    [           main] DEBUG source.pooled.PooledDataSource  - PooledDataSource forcefully closed/removed all connections.
2021-06-21 15:15:00,735 260    [           main] DEBUG ansaction.jdbc.JdbcTransaction  - Opening JDBC Connection
2021-06-21 15:20:37,211 0      [           main] DEBUG ache.ibatis.logging.LogFactory  - Logging initialized using 'class org.apache.ibatis.logging.log4j.Log4jImpl' adapter.
2021-06-21 15:20:37,478 267    [           main] DEBUG source.pooled.PooledDataSource  - PooledDataSource forcefully closed/removed all connections.
2021-06-21 15:20:37,478 267    [           main] DEBUG source.pooled.PooledDataSource  - PooledDataSource forcefully closed/removed all connections.
2021-06-21 15:20:37,478 267    [           main] DEBUG source.pooled.PooledDataSource  - PooledDataSource forcefully closed/removed all connections.
2021-06-21 15:20:37,478 267    [           main] DEBUG source.pooled.PooledDataSource  - PooledDataSource forcefully closed/removed all connections.
2021-06-21 15:20:37,602 391    [           main] DEBUG ansaction.jdbc.JdbcTransaction  - Opening JDBC Connection
2021-06-21 15:22:50,494 0      [           main] DEBUG ache.ibatis.logging.LogFactory  - Logging initialized using 'class org.apache.ibatis.logging.log4j.Log4jImpl' adapter.
2021-06-21 15:22:50,820 326    [           main] DEBUG source.pooled.PooledDataSource  - PooledDataSource forcefully closed/removed all connections.
2021-06-21 15:22:50,820 326    [           main] DEBUG source.pooled.PooledDataSource  - PooledDataSource forcefully closed/removed all connections.
2021-06-21 15:22:50,820 326    [           main] DEBUG source.pooled.PooledDataSource  - PooledDataSource forcefully closed/removed all connections.
2021-06-21 15:22:50,820 326    [           main] DEBUG source.pooled.PooledDataSource  - PooledDataSource forcefully closed/removed all connections.
2021-06-21 15:22:50,954 460    [           main] DEBUG ansaction.jdbc.JdbcTransaction  - Opening JDBC Connection
2021-06-21 15:22:52,660 2166   [           main] DEBUG source.pooled.PooledDataSource  - Created connection 543846639.
2021-06-21 15:22:52,660 2166   [           main] DEBUG ansaction.jdbc.JdbcTransaction  - Setting autocommit to false on JDBC Connection [com.mysql.cj.jdbc.ConnectionImpl@206a70ef]
2021-06-21 15:22:52,663 2169   [           main] DEBUG    com.laj.dao.UserDao.findAll  - ==>  Preparing: select * from user 
2021-06-21 15:22:52,780 2286   [           main] DEBUG    com.laj.dao.UserDao.findAll  - ==> Parameters: 
2021-06-21 15:24:17,382 0      [           main] DEBUG ache.ibatis.logging.LogFactory  - Logging initialized using 'class org.apache.ibatis.logging.log4j.Log4jImpl' adapter.
2021-06-21 15:24:17,644 262    [           main] DEBUG source.pooled.PooledDataSource  - PooledDataSource forcefully closed/removed all connections.
2021-06-21 15:24:17,644 262    [           main] DEBUG source.pooled.PooledDataSource  - PooledDataSource forcefully closed/removed all connections.
2021-06-21 15:24:17,644 262    [           main] DEBUG source.pooled.PooledDataSource  - PooledDataSource forcefully closed/removed all connections.
2021-06-21 15:24:17,645 263    [           main] DEBUG source.pooled.PooledDataSource  - PooledDataSource forcefully closed/removed all connections.
2021-06-21 15:24:17,799 417    [           main] DEBUG ansaction.jdbc.JdbcTransaction  - Opening JDBC Connection
2021-06-21 15:24:19,500 2118   [           main] DEBUG source.pooled.PooledDataSource  - Created connection 543846639.
2021-06-21 15:24:19,501 2119   [           main] DEBUG ansaction.jdbc.JdbcTransaction  - Setting autocommit to false on JDBC Connection [com.mysql.cj.jdbc.ConnectionImpl@206a70ef]
2021-06-21 15:24:19,503 2121   [           main] DEBUG    com.laj.dao.UserDao.findAll  - ==>  Preparing: select * from t_user 
2021-06-21 15:24:19,543 2161   [           main] DEBUG    com.laj.dao.UserDao.findAll  - ==> Parameters: 
2021-06-21 15:26:09,320 0      [           main] DEBUG ache.ibatis.logging.LogFactory  - Logging initialized using 'class org.apache.ibatis.logging.log4j.Log4jImpl' adapter.
2021-06-21 15:26:09,600 280    [           main] DEBUG source.pooled.PooledDataSource  - PooledDataSource forcefully closed/removed all connections.
2021-06-21 15:26:09,600 280    [           main] DEBUG source.pooled.PooledDataSource  - PooledDataSource forcefully closed/removed all connections.
2021-06-21 15:26:09,601 281    [           main] DEBUG source.pooled.PooledDataSource  - PooledDataSource forcefully closed/removed all connections.
2021-06-21 15:26:09,601 281    [           main] DEBUG source.pooled.PooledDataSource  - PooledDataSource forcefully closed/removed all connections.
2021-06-21 15:26:09,716 396    [           main] DEBUG ansaction.jdbc.JdbcTransaction  - Opening JDBC Connection
2021-06-21 15:26:11,602 2282   [           main] DEBUG source.pooled.PooledDataSource  - Created connection 1165303897.
2021-06-21 15:26:11,602 2282   [           main] DEBUG ansaction.jdbc.JdbcTransaction  - Setting autocommit to false on JDBC Connection [com.mysql.cj.jdbc.ConnectionImpl@45752059]
2021-06-21 15:26:11,604 2284   [           main] DEBUG    com.laj.dao.UserDao.findAll  - ==>  Preparing: select * from t_user 
2021-06-21 15:26:11,644 2324   [           main] DEBUG    com.laj.dao.UserDao.findAll  - ==> Parameters: 
2021-06-21 15:26:11,670 2350   [           main] DEBUG    com.laj.dao.UserDao.findAll  - <==      Total: 12
2021-06-21 15:26:11,672 2352   [           main] DEBUG ansaction.jdbc.JdbcTransaction  - Resetting autocommit to true on JDBC Connection [com.mysql.cj.jdbc.ConnectionImpl@45752059]
2021-06-21 15:26:11,673 2353   [           main] DEBUG ansaction.jdbc.JdbcTransaction  - Closing JDBC Connection [com.mysql.cj.jdbc.ConnectionImpl@45752059]
2021-06-21 15:26:11,673 2353   [           main] DEBUG source.pooled.PooledDataSource  - Returned connection 1165303897 to pool.
2021-06-21 15:27:34,633 0      [           main] DEBUG ache.ibatis.logging.LogFactory  - Logging initialized using 'class org.apache.ibatis.logging.log4j.Log4jImpl' adapter.
2021-06-21 15:27:34,887 254    [           main] DEBUG source.pooled.PooledDataSource  - PooledDataSource forcefully closed/removed all connections.
2021-06-21 15:27:34,887 254    [           main] DEBUG source.pooled.PooledDataSource  - PooledDataSource forcefully closed/removed all connections.
2021-06-21 15:27:34,888 255    [           main] DEBUG source.pooled.PooledDataSource  - PooledDataSource forcefully closed/removed all connections.
2021-06-21 15:27:34,889 256    [           main] DEBUG source.pooled.PooledDataSource  - PooledDataSource forcefully closed/removed all connections.
2021-06-21 15:27:35,023 390    [           main] DEBUG ansaction.jdbc.JdbcTransaction  - Opening JDBC Connection
2021-06-21 15:27:36,455 1822   [           main] DEBUG source.pooled.PooledDataSource  - Created connection 1165303897.
2021-06-21 15:27:36,455 1822   [           main] DEBUG ansaction.jdbc.JdbcTransaction  - Setting autocommit to false on JDBC Connection [com.mysql.cj.jdbc.ConnectionImpl@45752059]
2021-06-21 15:27:36,460 1827   [           main] DEBUG    com.laj.dao.UserDao.findAll  - ==>  Preparing: select * from t_user 
2021-06-21 15:27:36,506 1873   [           main] DEBUG    com.laj.dao.UserDao.findAll  - ==> Parameters: 
2021-06-21 15:27:36,548 1915   [           main] DEBUG    com.laj.dao.UserDao.findAll  - <==      Total: 12
2021-06-21 15:27:36,558 1925   [           main] DEBUG ansaction.jdbc.JdbcTransaction  - Resetting autocommit to true on JDBC Connection [com.mysql.cj.jdbc.ConnectionImpl@45752059]
2021-06-21 15:27:36,563 1930   [           main] DEBUG ansaction.jdbc.JdbcTransaction  - Closing JDBC Connection [com.mysql.cj.jdbc.ConnectionImpl@45752059]
2021-06-21 15:27:36,564 1931   [           main] DEBUG source.pooled.PooledDataSource  - Returned connection 1165303897 to pool.
2021-06-21 16:05:30,957 0      [           main] DEBUG ache.ibatis.logging.LogFactory  - Logging initialized using 'class org.apache.ibatis.logging.log4j.Log4jImpl' adapter.
2021-06-21 16:05:31,223 266    [           main] DEBUG source.pooled.PooledDataSource  - PooledDataSource forcefully closed/removed all connections.
2021-06-21 16:05:31,224 267    [           main] DEBUG source.pooled.PooledDataSource  - PooledDataSource forcefully closed/removed all connections.
2021-06-21 16:05:31,224 267    [           main] DEBUG source.pooled.PooledDataSource  - PooledDataSource forcefully closed/removed all connections.
2021-06-21 16:05:31,224 267    [           main] DEBUG source.pooled.PooledDataSource  - PooledDataSource forcefully closed/removed all connections.
2021-06-21 16:06:17,857 0      [           main] DEBUG ache.ibatis.logging.LogFactory  - Logging initialized using 'class org.apache.ibatis.logging.log4j.Log4jImpl' adapter.
2021-06-21 16:06:18,112 255    [           main] DEBUG source.pooled.PooledDataSource  - PooledDataSource forcefully closed/removed all connections.
2021-06-21 16:06:18,112 255    [           main] DEBUG source.pooled.PooledDataSource  - PooledDataSource forcefully closed/removed all connections.
2021-06-21 16:06:18,112 255    [           main] DEBUG source.pooled.PooledDataSource  - PooledDataSource forcefully closed/removed all connections.
2021-06-21 16:06:18,112 255    [           main] DEBUG source.pooled.PooledDataSource  - PooledDataSource forcefully closed/removed all connections.
2021-06-21 16:06:18,227 370    [           main] DEBUG ansaction.jdbc.JdbcTransaction  - Opening JDBC Connection
2021-06-21 16:06:19,675 1818   [           main] DEBUG source.pooled.PooledDataSource  - Created connection 1165303897.
2021-06-21 16:06:19,675 1818   [           main] DEBUG ansaction.jdbc.JdbcTransaction  - Setting autocommit to false on JDBC Connection [com.mysql.cj.jdbc.ConnectionImpl@45752059]
2021-06-21 16:06:19,678 1821   [           main] DEBUG    com.laj.dao.UserDao.findAll  - ==>  Preparing: select * from t_user 
2021-06-21 16:06:19,707 1850   [           main] DEBUG    com.laj.dao.UserDao.findAll  - ==> Parameters: 
2021-06-21 16:06:19,736 1879   [           main] DEBUG    com.laj.dao.UserDao.findAll  - <==      Total: 12
2021-06-21 16:06:19,738 1881   [           main] DEBUG ansaction.jdbc.JdbcTransaction  - Resetting autocommit to true on JDBC Connection [com.mysql.cj.jdbc.ConnectionImpl@45752059]
2021-06-21 16:06:19,739 1882   [           main] DEBUG ansaction.jdbc.JdbcTransaction  - Closing JDBC Connection [com.mysql.cj.jdbc.ConnectionImpl@45752059]
2021-06-21 16:06:19,739 1882   [           main] DEBUG source.pooled.PooledDataSource  - Returned connection 1165303897 to pool.
2021-06-21 19:12:33,790 0      [           main] DEBUG ache.ibatis.logging.LogFactory  - Logging initialized using 'class org.apache.ibatis.logging.log4j.Log4jImpl' adapter.
2021-06-21 19:12:34,118 328    [           main] DEBUG source.pooled.PooledDataSource  - PooledDataSource forcefully closed/removed all connections.
2021-06-21 19:12:34,118 328    [           main] DEBUG source.pooled.PooledDataSource  - PooledDataSource forcefully closed/removed all connections.
2021-06-21 19:12:34,118 328    [           main] DEBUG source.pooled.PooledDataSource  - PooledDataSource forcefully closed/removed all connections.
2021-06-21 19:12:34,118 328    [           main] DEBUG source.pooled.PooledDataSource  - PooledDataSource forcefully closed/removed all connections.
2021-06-21 19:12:34,300 510    [           main] DEBUG ansaction.jdbc.JdbcTransaction  - Opening JDBC Connection
2021-06-21 19:12:36,012 2222   [           main] DEBUG source.pooled.PooledDataSource  - Created connection 1165303897.
2021-06-21 19:12:36,012 2222   [           main] DEBUG ansaction.jdbc.JdbcTransaction  - Setting autocommit to false on JDBC Connection [com.mysql.cj.jdbc.ConnectionImpl@45752059]
2021-06-21 19:12:36,015 2225   [           main] DEBUG    com.laj.dao.UserDao.findAll  - ==>  Preparing: select * from t_user 
2021-06-21 19:12:36,049 2259   [           main] DEBUG    com.laj.dao.UserDao.findAll  - ==> Parameters: 
2021-06-21 19:12:36,077 2287   [           main] DEBUG    com.laj.dao.UserDao.findAll  - <==      Total: 12
2021-06-21 19:12:36,080 2290   [           main] DEBUG ansaction.jdbc.JdbcTransaction  - Resetting autocommit to true on JDBC Connection [com.mysql.cj.jdbc.ConnectionImpl@45752059]
2021-06-21 19:12:36,081 2291   [           main] DEBUG ansaction.jdbc.JdbcTransaction  - Closing JDBC Connection [com.mysql.cj.jdbc.ConnectionImpl@45752059]
2021-06-21 19:12:36,081 2291   [           main] DEBUG source.pooled.PooledDataSource  - Returned connection 1165303897 to pool.
